<?xml version="1.0" encoding="UTF-8"?>
<testsuite xmlns:xsi="http://www.w3.org/2001/XMLSchema-instance" xsi:noNamespaceSchemaLocation="https://maven.apache.org/surefire/maven-surefire-plugin/xsd/surefire-test-report.xsd" version="3.0.2" name="com.keraune.vlvblueberrysystem.VlvBlueberrySystemApplicationTests" time="8.228" tests="1" errors="0" skipped="0" failures="0" flakes="0">
  <properties>
[...]
</properties>
  <testcase name="contextLoads" classname="com.keraune.vlvblueberrysystem.VlvBlueberrySystemApplicationTests" time="0.506">
    <system-out><![CDATA[20:54:51.882 [main] INFO org.springframework.test.context.support.AnnotationConfigContextLoaderUtils -- Could not detect default configuration classes for test class [com.keraune.vlvblueberrysystem.VlvBlueberrySystemApplicationTests]: VlvBlueberrySystemApplicationTests does not declare any static, non-private, non-final, nested classes annotated with @Configuration.
20:54:51.995 [main] INFO org.springframework.boot.test.context.SpringBootTestContextBootstrapper -- Found @SpringBootConfiguration com.keraune.vlvblueberrysystem.VlvBlueberrySystemApplication for test class com.keraune.vlvblueberrysystem.VlvBlueberrySystemApplicationTests
20:54:52.086 [main] INFO org.springframework.test.context.support.AnnotationConfigContextLoaderUtils -- Could not detect default configuration classes for test class [com.keraune.vlvblueberrysystem.VlvBlueberrySystemApplicationTests]: VlvBlueberrySystemApplicationTests does not declare any static, non-private, non-final, nested classes annotated with @Configuration.
20:54:52.088 [main] INFO org.springframework.boot.test.context.SpringBootTestContextBootstrapper -- Found @SpringBootConfiguration com.keraune.vlvblueberrysystem.VlvBlueberrySystemApplication for test class com.keraune.vlvblueberrysystem.VlvBlueberrySystemApplicationTests

  .   ____          _            __ _ _
 /\\ / ___'_ __ _ _(_)_ __  __ _ \ \ \ \
( ( )\___ | '_ | '_| | '_ \/ _` | \ \ \ \
 \\/  ___)| |_)| | | | | || (_| |  ) ) ) )
  '  |____| .__|_| |_|_| |_\__, | / / / /
 =========|_|==============|___/=/_/_/_/

 :: Spring Boot ::                (v4.0.5)

2026-06-09T20:54:52.440-05:00  INFO 296985 --- [vlv-blueberry-system] [           main] c.k.v.VlvBlueberrySystemApplicationTests : Starting VlvBlueberrySystemApplicationTests using Java 21.0.11 with PID 296985 (started by keraune in /home/keraune/IdeaProjects/blueberrytrace)
2026-06-09T20:54:52.442-05:00  INFO 296985 --- [vlv-blueberry-system] [           main] c.k.v.VlvBlueberrySystemApplicationTests : No active profile set, falling back to 1 default profile: "default"
2026-06-09T20:54:53.197-05:00  INFO 296985 --- [vlv-blueberry-system] [           main] .s.d.r.c.RepositoryConfigurationDelegate : Bootstrapping Spring Data JPA repositories in DEFAULT mode.
2026-06-09T20:54:53.273-05:00  INFO 296985 --- [vlv-blueberry-system] [           main] .s.d.r.c.RepositoryConfigurationDelegate : Finished Spring Data repository scanning in 64 ms. Found 9 JPA repository interfaces.
2026-06-09T20:54:53.849-05:00  INFO 296985 --- [vlv-blueberry-system] [           main] org.hibernate.orm.jpa                    : HHH008540: Processing PersistenceUnitInfo [name: default]
2026-06-09T20:54:53.924-05:00  INFO 296985 --- [vlv-blueberry-system] [           main] org.hibernate.orm.core                   : HHH000001: Hibernate ORM core version 7.2.7.Final
2026-06-09T20:54:54.501-05:00  INFO 296985 --- [vlv-blueberry-system] [           main] o.s.o.j.p.SpringPersistenceUnitInfo      : No LoadTimeWeaver setup: ignoring JPA class transformer
2026-06-09T20:54:54.549-05:00  INFO 296985 --- [vlv-blueberry-system] [           main] com.zaxxer.hikari.HikariDataSource       : HikariPool-1 - Starting...
2026-06-09T20:54:54.757-05:00  INFO 296985 --- [vlv-blueberry-system] [           main] com.zaxxer.hikari.pool.HikariPool        : HikariPool-1 - Added connection com.mysql.cj.jdbc.ConnectionImpl@1f57666b
2026-06-09T20:54:54.760-05:00  INFO 296985 --- [vlv-blueberry-system] [           main] com.zaxxer.hikari.HikariDataSource       : HikariPool-1 - Start completed.
2026-06-09T20:54:54.836-05:00  WARN 296985 --- [vlv-blueberry-system] [           main] org.hibernate.orm.jdbc                   : HHH100045: Could not obtain connection metadata: java.sql.SQLSyntaxErrorException: Unknown column 'RESERVED' in 'WHERE'
2026-06-09T20:54:54.855-05:00  WARN 296985 --- [vlv-blueberry-system] [           main] org.hibernate.orm.deprecation            : HHH90000025: MySQLDialect does not need to be specified explicitly using 'hibernate.dialect' (remove the property setting and it will be selected by default)
2026-06-09T20:54:54.870-05:00  INFO 296985 --- [vlv-blueberry-system] [           main] org.hibernate.orm.connections.pooling    : HHH10001005: Database info:
	Database JDBC URL [undefined/unknown]
	Database driver: undefined/unknown
	Database dialect: MySQLDialect
	Database version: 8.0
	Default catalog/schema: unknown/unknown
	Autocommit mode: undefined/unknown
	Isolation level: NONE [default NONE]
	JDBC fetch size: undefined/unknown
	Pool: DataSourceConnectionProvider
	Minimum pool size: undefined/unknown
	Maximum pool size: undefined/unknown
2026-06-09T20:54:56.209-05:00  INFO 296985 --- [vlv-blueberry-system] [           main] org.hibernate.orm.core                   : HHH000489: No JTA platform available (set 'hibernate.transaction.jta.platform' to enable JTA platform integration)
2026-06-09T20:54:56.423-05:00  INFO 296985 --- [vlv-blueberry-system] [           main] j.LocalContainerEntityManagerFactoryBean : Initialized JPA EntityManagerFactory for persistence unit 'default'
2026-06-09T20:54:56.556-05:00  INFO 296985 --- [vlv-blueberry-system] [           main] o.s.d.j.r.query.QueryEnhancerFactories   : Hibernate is in classpath; If applicable, HQL parser will be used.
2026-06-09T20:54:58.119-05:00  WARN 296985 --- [vlv-blueberry-system] [           main] JpaBaseConfiguration$JpaWebConfiguration : spring.jpa.open-in-view is enabled by default. Therefore, database queries may be performed during view rendering. Explicitly configure spring.jpa.open-in-view to disable this warning
2026-06-09T20:54:58.312-05:00  INFO 296985 --- [vlv-blueberry-system] [           main] eAuthenticationProviderManagerConfigurer : Global AuthenticationManager configured with AuthenticationProvider bean with name authenticationProvider
2026-06-09T20:54:58.313-05:00  WARN 296985 --- [vlv-blueberry-system] [           main] r$InitializeUserDetailsManagerConfigurer : Global AuthenticationManager configured with an AuthenticationProvider bean. UserDetailsService beans will not be used by Spring Security for automatically configuring username/password login. Consider removing the AuthenticationProvider bean. Alternatively, consider using the UserDetailsService in a manually instantiated DaoAuthenticationProvider. If the current configuration is intentional, to turn off this warning, increase the logging level of 'org.springframework.security.config.annotation.authentication.configuration.InitializeUserDetailsBeanManagerConfigurer' to ERROR
2026-06-09T20:54:59.025-05:00  INFO 296985 --- [vlv-blueberry-system] [           main] c.k.v.VlvBlueberrySystemApplicationTests : Started VlvBlueberrySystemApplicationTests in 6.851 seconds (process running for 8.002)
Hibernate: 
    select
        r1_0.id,
        r1_0.descripcion,
        r1_0.estado,
        r1_0.fecha_creacion,
        r1_0.nombre 
    from
        roles r1_0 
    where
        r1_0.nombre=?
Hibernate: 
    select
        r1_0.id,
        r1_0.descripcion,
        r1_0.estado,
        r1_0.fecha_creacion,
        r1_0.nombre 
    from
        roles r1_0 
    where
        r1_0.nombre=?
Hibernate: 
    select
        r1_0.id,
        r1_0.descripcion,
        r1_0.estado,
        r1_0.fecha_creacion,
        r1_0.nombre 
    from
        roles r1_0 
    where
        r1_0.nombre=?
Hibernate: 
    select
        r1_0.id,
        r1_0.descripcion,
        r1_0.estado,
        r1_0.fecha_creacion,
        r1_0.nombre 
    from
        roles r1_0 
    where
        r1_0.nombre=?
Hibernate: 
    select
        r1_0.id,
        r1_0.descripcion,
        r1_0.estado,
        r1_0.fecha_creacion,
        r1_0.nombre 
    from
        roles r1_0 
    where
        r1_0.nombre=?
Hibernate: 
    select
        u1_0.id,
        u1_0.email,
        u1_0.estado,
        u1_0.fecha_actualizacion,
        u1_0.fecha_creacion,
        u1_0.nombre_completo,
        u1_0.password,
        u1_0.rol_id,
        u1_0.username 
    from
        usuarios u1_0 
    where
        u1_0.username=?
Hibernate: 
    select
        r1_0.id,
        r1_0.descripcion,
        r1_0.estado,
        r1_0.fecha_creacion,
        r1_0.nombre 
    from
        roles r1_0 
    where
        r1_0.id=?
Hibernate: 
    select
        u1_0.id,
        u1_0.email,
        u1_0.estado,
        u1_0.fecha_actualizacion,
        u1_0.fecha_creacion,
        u1_0.nombre_completo,
        u1_0.password,
        u1_0.rol_id,
        u1_0.username 
    from
        usuarios u1_0 
    where
        u1_0.username=?
Hibernate: 
    select
        r1_0.id,
        r1_0.descripcion,
        r1_0.estado,
        r1_0.fecha_creacion,
        r1_0.nombre 
    from
        roles r1_0 
    where
        r1_0.id=?
Hibernate: 
    select
        count(*) 
    from
        lotes l1_0
Hibernate: 
    select
        count(*) 
    from
        camas c1_0
Hibernate: 
    select
        l1_0.id,
        l1_0.codigo,
        l1_0.cultivo,
        l1_0.descripcion,
        l1_0.estado,
        l1_0.fecha_actualizacion,
        l1_0.fecha_creacion,
        l1_0.fecha_registro,
        l1_0.observacion,
        l1_0.usuario_registro_id,
        l1_0.variedad 
    from
        lotes l1_0 
    where
        l1_0.codigo=?
Hibernate: 
    select
        u1_0.id,
        u1_0.email,
        u1_0.estado,
        u1_0.fecha_actualizacion,
        u1_0.fecha_creacion,
        u1_0.nombre_completo,
        u1_0.password,
        u1_0.rol_id,
        r1_0.id,
        r1_0.descripcion,
        r1_0.estado,
        r1_0.fecha_creacion,
        r1_0.nombre,
        u1_0.username 
    from
        usuarios u1_0 
    join
        roles r1_0 
            on r1_0.id=u1_0.rol_id 
    where
        u1_0.id=?
Hibernate: 
    select
        c1_0.id,
        c1_0.capacidad_referencial,
        c1_0.codigo,
        c1_0.descripcion,
        c1_0.estado,
        c1_0.fecha_actualizacion,
        c1_0.fecha_creacion,
        c1_0.lote_id,
        c1_0.usuario_registro_id 
    from
        camas c1_0 
    where
        c1_0.codigo=?
Hibernate: 
    select
        l1_0.id,
        l1_0.codigo,
        l1_0.cultivo,
        l1_0.descripcion,
        l1_0.estado,
        l1_0.fecha_actualizacion,
        l1_0.fecha_creacion,
        l1_0.fecha_registro,
        l1_0.observacion,
        l1_0.usuario_registro_id,
        ur1_0.id,
        ur1_0.email,
        ur1_0.estado,
        ur1_0.fecha_actualizacion,
        ur1_0.fecha_creacion,
        ur1_0.nombre_completo,
        ur1_0.password,
        ur1_0.rol_id,
        r1_0.id,
        r1_0.descripcion,
        r1_0.estado,
        r1_0.fecha_creacion,
        r1_0.nombre,
        ur1_0.username,
        l1_0.variedad 
    from
        lotes l1_0 
    join
        usuarios ur1_0 
            on ur1_0.id=l1_0.usuario_registro_id 
    join
        roles r1_0 
            on r1_0.id=ur1_0.rol_id 
    where
        l1_0.id=?
Hibernate: 
    select
        count(*) 
    from
        siembras s1_0
Hibernate: 
    select
        count(*) 
    from
        uniformizaciones u1_0
Hibernate: 
    select
        count(*) 
    from
        formalizaciones f1_0
Hibernate: 
    select
        count(*) 
    from
        clasificaciones c1_0
Hibernate: 
    select
        count(*) 
    from
        despachos d1_0
]]></system-out>
    <system-err><![CDATA[Mockito is currently self-attaching to enable the inline-mock-maker. This will no longer work in future releases of the JDK. Please add Mockito as an agent to your build as described in Mockito's documentation: https://javadoc.io/doc/org.mockito/mockito-core/latest/org.mockito/org/mockito/Mockito.html#0.3
WARNING: A Java agent has been loaded dynamically (/home/keraune/.m2/repository/net/bytebuddy/byte-buddy-agent/1.17.8/byte-buddy-agent-1.17.8.jar)
WARNING: If a serviceability tool is in use, please run with -XX:+EnableDynamicAgentLoading to hide this warning
WARNING: If a serviceability tool is not in use, please run with -Djdk.instrument.traceUsage for more information
WARNING: Dynamic loading of agents will be disallowed by default in a future release
]]></system-err>
  </testcase>
</testsuite>